<?xml version="1.0" encoding="UTF-8"?>
<!-- Generated by org.testng.reporters.JUnitXMLReporter -->
<testsuite hostname="SUNILK2" ignored="0" name="Default test" tests="2" failures="0" timestamp="25 May 2020 12:02:23 GMT" time="1.383" errors="0">
  <testcase name="getEmployeeID" time="1.013" classname="RestAssured_Employee.RestAssured_Employees.Action.EmployeeAPI"/>
  <testcase name="CheckTotalSizeOfEmployee" time="0.056" classname="RestAssured_Employee.RestAssured_Employees.Action.EmployeeAPI"/>
</testsuite> <!-- Default test -->
